E, [2016-07-05T10:20:50.684175 #76454] ERROR -- Kitchen: ------Exception-------
E, [2016-07-05T10:20:50.684273 #76454] ERROR -- Kitchen: Class: Kitchen::UserError
E, [2016-07-05T10:20:50.684308 #76454] ERROR -- Kitchen: Message: Kitchen YAML file /Users/tsmith/dev/chef-cookbooks/tomcat/templates/.kitchen.yml does not exist.
E, [2016-07-05T10:20:50.684332 #76454] ERROR -- Kitchen: ----------------------
E, [2016-07-05T10:20:50.684344 #76454] ERROR -- Kitchen: ------Backtrace-------
E, [2016-07-05T10:20:50.684355 #76454] ERROR -- Kitchen: /opt/chefdk/embedded/lib/ruby/gems/2.1.0/gems/test-kitchen-1.10.2/lib/kitchen/loader/yaml.rb:74:in `read'
E, [2016-07-05T10:20:50.684367 #76454] ERROR -- Kitchen: /opt/chefdk/embedded/lib/ruby/gems/2.1.0/gems/test-kitchen-1.10.2/lib/kitchen/config.rb:154:in `data'
E, [2016-07-05T10:20:50.684377 #76454] ERROR -- Kitchen: /opt/chefdk/embedded/lib/ruby/gems/2.1.0/gems/test-kitchen-1.10.2/lib/kitchen/config.rb:133:in `suites'
E, [2016-07-05T10:20:50.684387 #76454] ERROR -- Kitchen: /opt/chefdk/embedded/lib/ruby/gems/2.1.0/gems/test-kitchen-1.10.2/lib/kitchen/config.rb:184:in `filter_instances'
E, [2016-07-05T10:20:50.684397 #76454] ERROR -- Kitchen: /opt/chefdk/embedded/lib/ruby/gems/2.1.0/gems/test-kitchen-1.10.2/lib/kitchen/config.rb:143:in `build_instances'
E, [2016-07-05T10:20:50.684411 #76454] ERROR -- Kitchen: /opt/chefdk/embedded/lib/ruby/gems/2.1.0/gems/test-kitchen-1.10.2/lib/kitchen/config.rb:119:in `instances'
E, [2016-07-05T10:20:50.684421 #76454] ERROR -- Kitchen: /opt/chefdk/embedded/lib/ruby/gems/2.1.0/gems/test-kitchen-1.10.2/lib/kitchen/command.rb:115:in `filtered_instances'
E, [2016-07-05T10:20:50.684431 #76454] ERROR -- Kitchen: /opt/chefdk/embedded/lib/ruby/gems/2.1.0/gems/test-kitchen-1.10.2/lib/kitchen/command.rb:145:in `parse_subcommand'
E, [2016-07-05T10:20:50.684440 #76454] ERROR -- Kitchen: /opt/chefdk/embedded/lib/ruby/gems/2.1.0/gems/test-kitchen-1.10.2/lib/kitchen/command/list.rb:32:in `call'
E, [2016-07-05T10:20:50.684449 #76454] ERROR -- Kitchen: /opt/chefdk/embedded/lib/ruby/gems/2.1.0/gems/test-kitchen-1.10.2/lib/kitchen/cli.rb:56:in `perform'
E, [2016-07-05T10:20:50.684459 #76454] ERROR -- Kitchen: /opt/chefdk/embedded/lib/ruby/gems/2.1.0/gems/test-kitchen-1.10.2/lib/kitchen/cli.rb:120:in `list'
E, [2016-07-05T10:20:50.684468 #76454] ERROR -- Kitchen: /opt/chefdk/embedded/lib/ruby/gems/2.1.0/gems/thor-0.19.1/lib/thor/command.rb:27:in `run'
E, [2016-07-05T10:20:50.684477 #76454] ERROR -- Kitchen: /opt/chefdk/embedded/lib/ruby/gems/2.1.0/gems/thor-0.19.1/lib/thor/invocation.rb:126:in `invoke_command'
E, [2016-07-05T10:20:50.684487 #76454] ERROR -- Kitchen: /opt/chefdk/embedded/lib/ruby/gems/2.1.0/gems/test-kitchen-1.10.2/lib/kitchen/cli.rb:325:in `invoke_task'
E, [2016-07-05T10:20:50.684496 #76454] ERROR -- Kitchen: /opt/chefdk/embedded/lib/ruby/gems/2.1.0/gems/thor-0.19.1/lib/thor.rb:359:in `dispatch'
E, [2016-07-05T10:20:50.684505 #76454] ERROR -- Kitchen: /opt/chefdk/embedded/lib/ruby/gems/2.1.0/gems/thor-0.19.1/lib/thor/base.rb:440:in `start'
E, [2016-07-05T10:20:50.684514 #76454] ERROR -- Kitchen: /opt/chefdk/embedded/lib/ruby/gems/2.1.0/gems/test-kitchen-1.10.2/bin/kitchen:13:in `block in <top (required)>'
E, [2016-07-05T10:20:50.684524 #76454] ERROR -- Kitchen: /opt/chefdk/embedded/lib/ruby/gems/2.1.0/gems/test-kitchen-1.10.2/lib/kitchen/errors.rb:174:in `with_friendly_errors'
E, [2016-07-05T10:20:50.684533 #76454] ERROR -- Kitchen: /opt/chefdk/embedded/lib/ruby/gems/2.1.0/gems/test-kitchen-1.10.2/bin/kitchen:13:in `<top (required)>'
E, [2016-07-05T10:20:50.684543 #76454] ERROR -- Kitchen: /opt/chefdk/bin/kitchen:17:in `load'
E, [2016-07-05T10:20:50.684552 #76454] ERROR -- Kitchen: /opt/chefdk/bin/kitchen:17:in `<main>'
E, [2016-07-05T10:20:50.684561 #76454] ERROR -- Kitchen: ----End Backtrace-----
